<?xml version="1.0" encoding="UTF-8"?>
<testng-results ignored="0" total="1" passed="1" failed="0" skipped="0">
  <reporter-output>
  </reporter-output>
  <suite started-at="2022-01-04T22:48:08 IST" name="Default suite" finished-at="2022-01-04T22:48:08 IST" duration-ms="44">
    <groups>
    </groups>
    <test started-at="2022-01-04T22:48:08 IST" name="Default test" finished-at="2022-01-04T22:48:08 IST" duration-ms="44">
      <class name="featureDefinitions.TestClass">
        <test-method signature="Test()[pri:0, instance:featureDefinitions.TestClass@1cbb87f3]" started-at="2022-01-04T22:48:08 IST" name="Test" finished-at="2022-01-04T22:48:08 IST" duration-ms="8" status="PASS">
          <reporter-output>
          </reporter-output>
        </test-method> <!-- Test -->
      </class> <!-- featureDefinitions.TestClass -->
    </test> <!-- Default test -->
  </suite> <!-- Default suite -->
</testng-results>
